2026-01-30 22:03:33,402 - INFO -                           Feature  Importance
                         DC_Power    0.454999
          Voltage_Current_Product    0.394948
                       DC_Current    0.139126
                      DC_AC_Ratio    0.004003
                    Power_Density    0.003341
            Conversion_Efficiency    0.002977
             Power_Per_Irradiance    0.000520
         AC_Power_Rolling_Mean_1h    0.000009
                       Irradiance    0.000008
Module_Temperature_Rolling_Std_1h    0.000006
2026-01-30 22:03:34,895 - INFO -                  Timestamp Inverter_ID Severity               Anomaly_Type                                                      Recommendation
2026-01-01 08:32:17.974906     INV_001   …levÈe DÈfaut de conversion DC/AC URGENT - VÈrifier l'onduleur INV_001 - EfficacitÈ critique (60.07%)
2026-01-03 03:32:17.974906     INV_004   …levÈe DÈfaut de conversion DC/AC URGENT - VÈrifier l'onduleur INV_004 - EfficacitÈ critique (48.35%)
2026-01-02 05:32:17.974906     INV_004   …levÈe DÈfaut de conversion DC/AC  URGENT - VÈrifier l'onduleur INV_004 - EfficacitÈ critique (0.00%)
2026-01-02 05:02:17.974906     INV_004   …levÈe DÈfaut de conversion DC/AC URGENT - VÈrifier l'onduleur INV_004 - EfficacitÈ critique (59.32%)
2026-01-01 06:02:17.974906     INV_004   …levÈe DÈfaut de conversion DC/AC  URGENT - VÈrifier l'onduleur INV_004 - EfficacitÈ critique (0.00%)
2026-01-30 22:03:35,012 - INFO -   Production totale : 5795.56 MWh
2026-01-30 22:03:35,012 - INFO -   Facteur de capacitÈ : 23.9%
2026-01-30 22:03:35,013 - INFO -   Rendement moyen : 68.1%
2026-01-30 22:03:35,014 - INFO -   DisponibilitÈ : 95.0%
2026-01-30 22:03:35,015 - INFO -   Pertes ÈnergÈtiques : 0.00 kWh
2026-01-30 22:03:35,017 - INFO -   Meilleur onduleur : INV_003
2026-01-30 23:33:19,053 - INFO -                 Feature  Importance
               DC_Power    0.350925
             DC_Current    0.338379
Voltage_Current_Product    0.299106
            DC_AC_Ratio    0.006103
  Conversion_Efficiency    0.002539
          Power_Density    0.002436
   Power_Per_Irradiance    0.000416
         Thermal_Stress    0.000010
AC_Power_Rolling_Std_1h    0.000009
             Irradiance    0.000008
2026-01-30 23:33:20,672 - INFO -                  Timestamp Inverter_ID Severity               Anomaly_Type                                                      Recommendation
2026-01-16 13:02:00.389797     INV_003   …levÈe DÈfaut de conversion DC/AC URGENT - VÈrifier l'onduleur INV_003 - EfficacitÈ critique (65.16%)
2026-01-01 03:17:00.389797     INV_004   …levÈe DÈfaut de conversion DC/AC  URGENT - VÈrifier l'onduleur INV_004 - EfficacitÈ critique (0.00%)
2026-01-01 20:47:00.389797     INV_004   …levÈe DÈfaut de conversion DC/AC URGENT - VÈrifier l'onduleur INV_004 - EfficacitÈ critique (60.73%)
2026-01-01 21:17:00.389797     INV_004   …levÈe DÈfaut de conversion DC/AC URGENT - VÈrifier l'onduleur INV_004 - EfficacitÈ critique (57.47%)
2026-01-01 21:32:00.389797     INV_004   …levÈe DÈfaut de conversion DC/AC URGENT - VÈrifier l'onduleur INV_004 - EfficacitÈ critique (56.58%)
2026-01-30 23:33:20,776 - INFO -   Production totale : 5824.54 MWh
2026-01-30 23:33:20,777 - INFO -   Facteur de capacitÈ : 24.4%
2026-01-30 23:33:20,778 - INFO -   Rendement moyen : 68.3%
2026-01-30 23:33:20,778 - INFO -   DisponibilitÈ : 95.0%
2026-01-30 23:33:20,779 - INFO -   Pertes ÈnergÈtiques : 0.00 kWh
2026-01-30 23:33:20,780 - INFO -   Meilleur onduleur : INV_002
2026-01-30 23:47:17,045 - INFO -                  Feature  Importance
                DC_Power    0.502363
 Voltage_Current_Product    0.428293
              DC_Current    0.059101
             DC_AC_Ratio    0.004829
           Power_Density    0.002449
   Conversion_Efficiency    0.002330
    Power_Per_Irradiance    0.000532
 AC_Power_Rolling_Std_1h    0.000021
              Irradiance    0.000009
AC_Power_Rolling_Mean_1h    0.000008
2026-01-30 23:47:18,642 - INFO -                  Timestamp Inverter_ID Severity               Anomaly_Type                                                      Recommendation
2026-01-22 19:15:23.756649     INV_002   …levÈe DÈfaut de conversion DC/AC URGENT - VÈrifier l'onduleur INV_002 - EfficacitÈ critique (60.02%)
2026-01-08 17:45:23.756649     INV_003   …levÈe DÈfaut de conversion DC/AC URGENT - VÈrifier l'onduleur INV_003 - EfficacitÈ critique (49.05%)
2026-01-05 16:15:23.756649     INV_005   …levÈe DÈfaut de conversion DC/AC URGENT - VÈrifier l'onduleur INV_005 - EfficacitÈ critique (59.32%)
2026-01-08 11:45:23.756649     INV_003   …levÈe DÈfaut de conversion DC/AC URGENT - VÈrifier l'onduleur INV_003 - EfficacitÈ critique (57.07%)
2026-01-08 03:30:23.756649     INV_003   …levÈe DÈfaut de conversion DC/AC URGENT - VÈrifier l'onduleur INV_003 - EfficacitÈ critique (54.52%)
2026-01-30 23:47:18,741 - INFO -   Production totale : 5707.16 MWh
2026-01-30 23:47:18,742 - INFO -   Facteur de capacitÈ : 21.9%
2026-01-30 23:47:18,743 - INFO -   Rendement moyen : 68.1%
2026-01-30 23:47:18,746 - INFO -   DisponibilitÈ : 95.0%
2026-01-30 23:47:18,747 - INFO -   Pertes ÈnergÈtiques : 0.00 kWh
2026-01-30 23:47:18,747 - INFO -   Meilleur onduleur : INV_004
2026-01-31 00:01:17,042 - INFO -                    Feature  Importance
   Voltage_Current_Product    0.351565
                DC_Current    0.347471
                  DC_Power    0.289769
               DC_AC_Ratio    0.004050
     Conversion_Efficiency    0.003482
             Power_Density    0.003176
      Power_Per_Irradiance    0.000386
                Irradiance    0.000008
Irradiance_Rolling_Mean_1h    0.000008
                DC_Voltage    0.000008
2026-01-31 00:01:18,520 - INFO -                  Timestamp Inverter_ID Severity               Anomaly_Type                                                      Recommendation
2026-01-01 06:15:01.615919     INV_001   …levÈe DÈfaut de conversion DC/AC URGENT - VÈrifier l'onduleur INV_001 - EfficacitÈ critique (51.29%)
2026-01-29 01:30:01.615919     INV_003   …levÈe DÈfaut de conversion DC/AC  URGENT - VÈrifier l'onduleur INV_003 - EfficacitÈ critique (0.00%)
2026-01-29 05:30:01.615919     INV_003   …levÈe DÈfaut de conversion DC/AC  URGENT - VÈrifier l'onduleur INV_003 - EfficacitÈ critique (0.00%)
2026-01-29 20:00:01.615919     INV_003   …levÈe DÈfaut de conversion DC/AC  URGENT - VÈrifier l'onduleur INV_003 - EfficacitÈ critique (0.00%)
2026-01-30 01:15:01.615919     INV_003   …levÈe DÈfaut de conversion DC/AC URGENT - VÈrifier l'onduleur INV_003 - EfficacitÈ critique (48.45%)
2026-01-31 00:01:18,623 - INFO -   Production totale : 5788.48 MWh
2026-01-31 00:01:18,623 - INFO -   Facteur de capacitÈ : 23.7%
2026-01-31 00:01:18,627 - INFO -   Rendement moyen : 68.2%
2026-01-31 00:01:18,627 - INFO -   DisponibilitÈ : 95.0%
2026-01-31 00:01:18,628 - INFO -   Pertes ÈnergÈtiques : 0.00 kWh
2026-01-31 00:01:18,629 - INFO -   Meilleur onduleur : INV_002
2026-01-31 00:26:18,203 - INFO - [OK] Solar AI Platform initialis√©e avec succ√®s
2026-01-31 00:26:18,204 - INFO - üìÅ Dossier de travail : C:\Users\pc\Desktop\Solar_AI_Platform
2026-01-31 00:26:18,206 - INFO - [BUILD] G√©n√©ration de donn√©es simul√©es : 5 onduleurs, 30 jours
2026-01-31 00:26:18,778 - INFO - [OK] Donn√©es simul√©es g√©n√©r√©es : 14400 lignes
2026-01-31 00:26:18,779 - INFO - üíæ Sauvegard√© dans : C:\Users\pc\Desktop\Solar_AI_Platform\data\merged_cleaned_data.csv
2026-01-31 00:26:18,786 - INFO - [BUILD] D√©marrage de l'ing√©nierie des caract√©ristiques...
2026-01-31 00:26:18,798 - INFO - ‚è∞ Cr√©ation des features temporelles...
2026-01-31 00:26:18,817 - INFO - üîÑ Cr√©ation des features cycliques...
2026-01-31 00:26:18,823 - INFO - ‚ö° Calcul des ratios de performance...
2026-01-31 00:26:18,827 - INFO - üå°Ô∏è Calcul des indicateurs thermiques...
2026-01-31 00:26:18,830 - INFO - [DATA] Calcul des indicateurs de rendement...
2026-01-31 00:26:18,833 - INFO - üìà Cr√©ation des features dynamiques...
2026-01-31 00:26:18,893 - INFO - [OK] Feature Engineering termin√© : 37 features cr√©√©es
2026-01-31 00:26:18,895 - INFO - üìã Nouvelles features : ['Hour', 'Day', 'Month', 'DayOfWeek', 'Quarter', 'Season', 'Hour_Sin', 'Hour_Cos', 'Month_Sin', 'Month_Cos', 'DC_AC_Ratio', 'Conversion_Efficiency', 'Power_Per_Irradiance', 'Temp_Difference', 'Thermal_Stress', 'Temperature_Efficiency_Loss', 'Power_Density', 'Voltage_Current_Product', 'AC_Power_Rolling_Mean_1h', 'AC_Power_Rolling_Std_1h', 'DC_Power_Rolling_Mean_1h', 'DC_Power_Rolling_Std_1h', 'Irradiance_Rolling_Mean_1h', 'Irradiance_Rolling_Std_1h', 'Module_Temperature_Rolling_Mean_1h', 'Module_Temperature_Rolling_Std_1h', 'Is_Daytime', 'Is_Peak_Hour']
2026-01-31 00:26:18,899 - INFO - [AI] D√©marrage de l'entra√Ænement des mod√®les IA...
2026-01-31 00:26:18,900 - INFO - üéØ Variable cible : AC_Power
2026-01-31 00:26:18,912 - INFO - [DATA] Features utilis√©es : 34
2026-01-31 00:26:18,913 - INFO - üìà Taille du dataset : 14400 √©chantillons
2026-01-31 00:26:18,923 - INFO - ‚úÇÔ∏è Train: 11520, Test: 2880
2026-01-31 00:26:18,953 - INFO - üå≤ Entra√Ænement Random Forest...
2026-01-31 00:26:46,552 - INFO - [OK] Random Forest - MAE: 6.85, R¬≤: 0.9999
2026-01-31 00:26:46,553 - INFO - üöÄ Entra√Ænement Gradient Boosting...
2026-01-31 00:27:32,254 - INFO - [OK] Gradient Boosting - MAE: 7.53, R¬≤: 0.9999
2026-01-31 00:27:32,255 - INFO - üé≠ Cr√©ation du mod√®le Ensemble...
2026-01-31 00:27:32,259 - INFO - [OK] Ensemble - MAE: 6.14, R¬≤: 0.9999
2026-01-31 00:27:32,260 - INFO - üèÜ Meilleur mod√®le : Ensemble (R¬≤ = 0.9999)
2026-01-31 00:27:32,316 - INFO - 
[DATA] Top 10 Features importantes :
2026-01-31 00:27:32,320 - INFO -                  Feature  Importance
                DC_Power    0.411370
 Voltage_Current_Product    0.393763
              DC_Current    0.182864
             DC_AC_Ratio    0.005083
           Power_Density    0.003449
   Conversion_Efficiency    0.002894
    Power_Per_Irradiance    0.000477
              Irradiance    0.000013
 AC_Power_Rolling_Std_1h    0.000010
AC_Power_Rolling_Mean_1h    0.000009
2026-01-31 00:27:32,321 - INFO - üíæ Sauvegarde des mod√®les...
2026-01-31 00:27:32,373 - INFO - [OK] Mod√®le principal sauvegard√© : C:\Users\pc\Desktop\Solar_AI_Platform\models\solar_predict_model.pkl
2026-01-31 00:27:32,428 - INFO - [OK] Tous les mod√®les sauvegard√©s : C:\Users\pc\Desktop\Solar_AI_Platform\models\all_models.pkl
2026-01-31 00:27:32,434 - INFO - üîç D√©marrage de la d√©tection des anomalies...
2026-01-31 00:27:33,605 - INFO - [OK] D√©tection termin√©e : 720 anomalies d√©tect√©es (5.00%)
2026-01-31 00:27:33,607 - INFO - 
[DATA] R√©partition par gravit√© :
Severity
Normal     13680
√âlev√©e       487
Moyenne      233
Name: count, dtype: int64
2026-01-31 00:27:33,608 - INFO - ‚ö° Pertes √©nerg√©tiques estim√©es : 93185.29 kWh
2026-01-31 00:27:33,659 - INFO - üíæ Rapport d'anomalies sauvegard√© : C:\Users\pc\Desktop\Solar_AI_Platform\outputs\anomalies_report.csv
2026-01-31 00:27:33,663 - INFO - üö® G√©n√©ration des alertes (gravit√© >= Moyenne)...
2026-01-31 00:27:33,694 - INFO - [OK] 720 alertes g√©n√©r√©es
2026-01-31 00:27:33,695 - INFO - 
üö® Alertes prioritaires (Top 5) :
2026-01-31 00:27:33,700 - INFO -                  Timestamp Inverter_ID Severity               Anomaly_Type                                                      Recommendation
2026-01-15 10:11:18.206931     INV_003   √âlev√©e D√©faut de conversion DC/AC URGENT - V√©rifier l'onduleur INV_003 - Efficacit√© critique (65.28%)
2026-01-01 22:56:18.206931     INV_004   √âlev√©e D√©faut de conversion DC/AC URGENT - V√©rifier l'onduleur INV_004 - Efficacit√© critique (56.58%)
2026-01-02 18:11:18.206931     INV_004   √âlev√©e D√©faut de conversion DC/AC  URGENT - V√©rifier l'onduleur INV_004 - Efficacit√© critique (0.00%)
2026-01-03 03:56:18.206931     INV_004   √âlev√©e D√©faut de conversion DC/AC URGENT - V√©rifier l'onduleur INV_004 - Efficacit√© critique (66.47%)
2026-01-03 06:11:18.206931     INV_004   √âlev√©e D√©faut de conversion DC/AC  URGENT - V√©rifier l'onduleur INV_004 - Efficacit√© critique (0.00%)
2026-01-31 00:27:33,751 - INFO - üíæ Alertes sauvegard√©es : C:\Users\pc\Desktop\Solar_AI_Platform\outputs\alerts_active.csv
2026-01-31 00:27:33,757 - INFO - [DATA] Calcul des KPI industriels...
2026-01-31 00:27:33,770 - INFO - 
üìà KPI Principaux :
2026-01-31 00:27:33,770 - INFO -   Production totale : 5726.66 MWh
2026-01-31 00:27:33,773 - INFO -   Facteur de capacit√© : 24.4%
2026-01-31 00:27:33,774 - INFO -   Rendement moyen : 68.1%
2026-01-31 00:27:33,775 - INFO -   Disponibilit√© : 95.0%
2026-01-31 00:27:33,776 - INFO -   Pertes √©nerg√©tiques : 0.00 kWh
2026-01-31 00:27:33,777 - INFO -   Meilleur onduleur : INV_004
2026-01-31 00:27:33,781 - INFO - üíæ Rapport KPI sauvegard√© : C:\Users\pc\Desktop\Solar_AI_Platform\outputs\kpi_report.csv
2026-01-31 00:27:33,785 - INFO - üìÑ G√©n√©ration du rapport complet...
2026-01-31 00:27:33,790 - INFO - [OK] Rapport g√©n√©r√© : C:\Users\pc\Desktop\Solar_AI_Platform\outputs\solar_ai_report_20260131_002733.txt
2026-01-31 00:34:47,936 - INFO - [OK] Solar AI Platform initialis√©e avec succ√®s
2026-01-31 00:34:47,939 - INFO - üìÅ Dossier de travail : C:\Users\pc\Desktop\Solar_AI_Platform
2026-01-31 00:34:47,939 - INFO - üìÇ Chargement des donn√©es depuis : C:\Users\pc\Desktop\Solar_AI_Platform\data\merged_cleaned_data.csv
2026-01-31 00:34:48,075 - INFO - [OK] 14400 lignes charg√©es
2026-01-31 00:34:48,076 - INFO - üîç V√©rification de la qualit√© des donn√©es...
2026-01-31 00:34:48,114 - INFO - [DATA] Colonnes disponibles : ['Timestamp', 'Inverter_ID', 'DC_Voltage', 'DC_Current', 'DC_Power', 'AC_Power', 'Ambient_Temperature', 'Module_Temperature', 'Irradiance']
2026-01-31 00:34:48,197 - INFO - üìà Statistiques de base :
         DC_Voltage    DC_Current  ...  Module_Temperature    Irradiance
count  14400.000000  14400.000000  ...        14400.000000  1.440000e+04
mean     599.875374      2.844480  ...           27.534554  3.001459e+02
std       19.955307      3.309843  ...           12.200821  3.694299e+02
min      510.687923      0.000000  ...           -1.754097  0.000000e+00
25%      586.344936      0.000000  ...           17.225004  0.000000e+00
50%      599.771906      0.711490  ...           27.123541  4.899051e-14
75%      613.442081      5.988343  ...           37.668257  6.685414e+02
max      675.799491     11.363534  ...           57.526660  1.098122e+03

[8 rows x 7 columns]
2026-01-31 00:34:48,198 - INFO - [BUILD] D√©marrage de l'ing√©nierie des caract√©ristiques...
2026-01-31 00:34:48,250 - INFO - ‚è∞ Cr√©ation des features temporelles...
2026-01-31 00:34:48,284 - INFO - üîÑ Cr√©ation des features cycliques...
2026-01-31 00:34:48,296 - INFO - ‚ö° Calcul des ratios de performance...
2026-01-31 00:34:48,302 - INFO - üå°Ô∏è Calcul des indicateurs thermiques...
2026-01-31 00:34:48,310 - INFO - [DATA] Calcul des indicateurs de rendement...
2026-01-31 00:34:48,315 - INFO - üìà Cr√©ation des features dynamiques...
2026-01-31 00:34:48,451 - INFO - [OK] Feature Engineering termin√© : 37 features cr√©√©es
2026-01-31 00:34:48,452 - INFO - üìã Nouvelles features : ['Hour', 'Day', 'Month', 'DayOfWeek', 'Quarter', 'Season', 'Hour_Sin', 'Hour_Cos', 'Month_Sin', 'Month_Cos', 'DC_AC_Ratio', 'Conversion_Efficiency', 'Power_Per_Irradiance', 'Temp_Difference', 'Thermal_Stress', 'Temperature_Efficiency_Loss', 'Power_Density', 'Voltage_Current_Product', 'AC_Power_Rolling_Mean_1h', 'AC_Power_Rolling_Std_1h', 'DC_Power_Rolling_Mean_1h', 'DC_Power_Rolling_Std_1h', 'Irradiance_Rolling_Mean_1h', 'Irradiance_Rolling_Std_1h', 'Module_Temperature_Rolling_Mean_1h', 'Module_Temperature_Rolling_Std_1h', 'Is_Daytime', 'Is_Peak_Hour']
2026-01-31 00:34:48,454 - INFO - üîç D√©marrage de la d√©tection des anomalies...
2026-01-31 00:34:50,790 - INFO - [OK] D√©tection termin√©e : 720 anomalies d√©tect√©es (5.00%)
2026-01-31 00:34:50,794 - INFO - 
[DATA] R√©partition par gravit√© :
Severity
Normal     13680
√âlev√©e       487
Moyenne      233
Name: count, dtype: int64
2026-01-31 00:34:50,795 - INFO - ‚ö° Pertes √©nerg√©tiques estim√©es : 93185.29 kWh
2026-01-31 00:34:50,920 - INFO - üíæ Rapport d'anomalies sauvegard√© : C:\Users\pc\Desktop\Solar_AI_Platform\outputs\anomalies_report.csv
2026-01-31 00:48:55,121 - INFO - [OK] Solar AI Platform initialis√©e avec succ√®s
2026-01-31 00:48:55,122 - INFO - üìÅ Dossier de travail : C:\Users\pc\Desktop\Solar_AI_Platform
2026-01-31 00:48:55,123 - INFO - [BUILD] G√©n√©ration de donn√©es simul√©es : 5 onduleurs, 30 jours
2026-01-31 00:48:55,711 - INFO - [OK] Donn√©es simul√©es g√©n√©r√©es : 14400 lignes
2026-01-31 00:48:55,712 - INFO - üíæ Sauvegard√© dans : C:\Users\pc\Desktop\Solar_AI_Platform\data\merged_cleaned_data.csv
2026-01-31 00:48:55,718 - INFO - [BUILD] D√©marrage de l'ing√©nierie des caract√©ristiques...
2026-01-31 00:48:55,731 - INFO - ‚è∞ Cr√©ation des features temporelles...
2026-01-31 00:48:55,750 - INFO - üîÑ Cr√©ation des features cycliques...
2026-01-31 00:48:55,756 - INFO - ‚ö° Calcul des ratios de performance...
2026-01-31 00:48:55,760 - INFO - üå°Ô∏è Calcul des indicateurs thermiques...
2026-01-31 00:48:55,764 - INFO - [DATA] Calcul des indicateurs de rendement...
2026-01-31 00:48:55,767 - INFO - üìà Cr√©ation des features dynamiques...
2026-01-31 00:48:55,825 - INFO - [OK] Feature Engineering termin√© : 37 features cr√©√©es
2026-01-31 00:48:55,826 - INFO - üìã Nouvelles features : ['Hour', 'Day', 'Month', 'DayOfWeek', 'Quarter', 'Season', 'Hour_Sin', 'Hour_Cos', 'Month_Sin', 'Month_Cos', 'DC_AC_Ratio', 'Conversion_Efficiency', 'Power_Per_Irradiance', 'Temp_Difference', 'Thermal_Stress', 'Temperature_Efficiency_Loss', 'Power_Density', 'Voltage_Current_Product', 'AC_Power_Rolling_Mean_1h', 'AC_Power_Rolling_Std_1h', 'DC_Power_Rolling_Mean_1h', 'DC_Power_Rolling_Std_1h', 'Irradiance_Rolling_Mean_1h', 'Irradiance_Rolling_Std_1h', 'Module_Temperature_Rolling_Mean_1h', 'Module_Temperature_Rolling_Std_1h', 'Is_Daytime', 'Is_Peak_Hour']
2026-01-31 00:48:55,830 - INFO - [AI] D√©marrage de l'entra√Ænement des mod√®les IA...
2026-01-31 00:48:55,831 - INFO - üéØ Variable cible : AC_Power
2026-01-31 00:48:55,843 - INFO - [DATA] Features utilis√©es : 34
2026-01-31 00:48:55,844 - INFO - üìà Taille du dataset : 14400 √©chantillons
2026-01-31 00:48:55,855 - INFO - ‚úÇÔ∏è Train: 11520, Test: 2880
2026-01-31 00:48:55,893 - INFO - üå≤ Entra√Ænement Random Forest...
2026-01-31 00:49:23,612 - INFO - [OK] Random Forest - MAE: 6.61, R¬≤: 0.9999
2026-01-31 00:49:23,613 - INFO - üöÄ Entra√Ænement Gradient Boosting...
2026-01-31 00:50:07,463 - INFO - [OK] Gradient Boosting - MAE: 7.47, R¬≤: 0.9999
2026-01-31 00:50:07,464 - INFO - üé≠ Cr√©ation du mod√®le Ensemble...
2026-01-31 00:50:07,468 - INFO - [OK] Ensemble - MAE: 6.10, R¬≤: 0.9999
2026-01-31 00:50:07,468 - INFO - üèÜ Meilleur mod√®le : GradientBoosting (R¬≤ = 0.9999)
2026-01-31 00:50:07,530 - INFO - 
[DATA] Top 10 Features importantes :
2026-01-31 00:50:07,535 - INFO -                 Feature  Importance
Voltage_Current_Product    0.506358
               DC_Power    0.469632
             DC_Current    0.011440
            DC_AC_Ratio    0.005487
          Power_Density    0.003294
  Conversion_Efficiency    0.003256
   Power_Per_Irradiance    0.000439
             Irradiance    0.000012
        Temp_Difference    0.000010
         Thermal_Stress    0.000007
2026-01-31 00:50:07,535 - INFO - üíæ Sauvegarde des mod√®les...
2026-01-31 00:50:07,585 - INFO - [OK] Mod√®le principal sauvegard√© : C:\Users\pc\Desktop\Solar_AI_Platform\models\solar_predict_model.pkl
2026-01-31 00:50:07,636 - INFO - [OK] Tous les mod√®les sauvegard√©s : C:\Users\pc\Desktop\Solar_AI_Platform\models\all_models.pkl
2026-01-31 00:50:07,642 - INFO - üîç D√©marrage de la d√©tection des anomalies...
2026-01-31 00:50:08,805 - INFO - [OK] D√©tection termin√©e : 720 anomalies d√©tect√©es (5.00%)
2026-01-31 00:50:08,807 - INFO - 
[DATA] R√©partition par gravit√© :
Severity
Normal     13680
√âlev√©e       504
Moyenne      216
Name: count, dtype: int64
2026-01-31 00:50:08,807 - INFO - ‚ö° Pertes √©nerg√©tiques estim√©es : 102702.41 kWh
2026-01-31 00:50:08,855 - INFO - üíæ Rapport d'anomalies sauvegard√© : C:\Users\pc\Desktop\Solar_AI_Platform\outputs\anomalies_report.csv
2026-01-31 00:50:08,860 - INFO - üö® G√©n√©ration des alertes (gravit√© >= Moyenne)...
2026-01-31 00:50:08,895 - INFO - [OK] 720 alertes g√©n√©r√©es
2026-01-31 00:50:08,896 - INFO - 
üö® Alertes prioritaires (Top 5) :
2026-01-31 00:50:08,902 - INFO -                  Timestamp Inverter_ID Severity               Anomaly_Type                                                      Recommendation
2026-01-01 11:18:55.124325     INV_001   √âlev√©e D√©faut de conversion DC/AC URGENT - V√©rifier l'onduleur INV_001 - Efficacit√© critique (60.07%)
2026-01-01 22:48:55.124325     INV_004   √âlev√©e D√©faut de conversion DC/AC URGENT - V√©rifier l'onduleur INV_004 - Efficacit√© critique (56.58%)
2026-01-02 18:03:55.124325     INV_004   √âlev√©e D√©faut de conversion DC/AC  URGENT - V√©rifier l'onduleur INV_004 - Efficacit√© critique (0.00%)
2026-01-03 03:48:55.124325     INV_004   √âlev√©e D√©faut de conversion DC/AC URGENT - V√©rifier l'onduleur INV_004 - Efficacit√© critique (66.47%)
2026-01-03 06:03:55.124325     INV_004   √âlev√©e D√©faut de conversion DC/AC  URGENT - V√©rifier l'onduleur INV_004 - Efficacit√© critique (0.00%)
2026-01-31 00:50:08,954 - INFO - üíæ Alertes sauvegard√©es : C:\Users\pc\Desktop\Solar_AI_Platform\outputs\alerts_active.csv
2026-01-31 00:50:08,959 - INFO - [DATA] Calcul des KPI industriels...
2026-01-31 00:50:08,972 - INFO - 
üìà KPI Principaux :
2026-01-31 00:50:08,973 - INFO -   Production totale : 5880.63 MWh
2026-01-31 00:50:08,974 - INFO -   Facteur de capacit√© : 23.8%
2026-01-31 00:50:08,974 - INFO -   Rendement moyen : 68.1%
2026-01-31 00:50:08,975 - INFO -   Disponibilit√© : 95.0%
2026-01-31 00:50:08,976 - INFO -   Pertes √©nerg√©tiques : 0.00 kWh
2026-01-31 00:50:08,977 - INFO -   Meilleur onduleur : INV_005
2026-01-31 00:50:08,981 - INFO - üíæ Rapport KPI sauvegard√© : C:\Users\pc\Desktop\Solar_AI_Platform\outputs\kpi_report.csv
2026-01-31 00:50:08,985 - INFO - üìÑ G√©n√©ration du rapport complet...
2026-01-31 00:50:08,990 - INFO - [OK] Rapport g√©n√©r√© : C:\Users\pc\Desktop\Solar_AI_Platform\outputs\solar_ai_report_20260131_005008.txt
2026-01-31 01:57:44,976 - INFO - [OK] Solar AI Platform initialis√©e avec succ√®s
2026-01-31 01:57:44,977 - INFO - üìÅ Dossier de travail : C:\Users\pc\Desktop\Solar_AI_Platform
2026-01-31 01:57:44,980 - INFO - [BUILD] G√©n√©ration de donn√©es simul√©es : 5 onduleurs, 30 jours
2026-01-31 01:57:45,579 - INFO - [OK] Donn√©es simul√©es g√©n√©r√©es : 14400 lignes
2026-01-31 01:57:45,579 - INFO - üíæ Sauvegard√© dans : C:\Users\pc\Desktop\Solar_AI_Platform\data\merged_cleaned_data.csv
2026-01-31 01:57:46,601 - INFO - [BUILD] D√©marrage de l'ing√©nierie des caract√©ristiques...
2026-01-31 01:57:46,613 - INFO - ‚è∞ Cr√©ation des features temporelles...
2026-01-31 01:57:46,635 - INFO - üîÑ Cr√©ation des features cycliques...
2026-01-31 01:57:46,640 - INFO - ‚ö° Calcul des ratios de performance...
2026-01-31 01:57:46,644 - INFO - üå°Ô∏è Calcul des indicateurs thermiques...
2026-01-31 01:57:46,647 - INFO - [DATA] Calcul des indicateurs de rendement...
2026-01-31 01:57:46,651 - INFO - üìà Cr√©ation des features dynamiques...
2026-01-31 01:57:46,713 - INFO - [OK] Feature Engineering termin√© : 37 features cr√©√©es
2026-01-31 01:57:46,714 - INFO - üìã Nouvelles features : ['Hour', 'Day', 'Month', 'DayOfWeek', 'Quarter', 'Season', 'Hour_Sin', 'Hour_Cos', 'Month_Sin', 'Month_Cos', 'DC_AC_Ratio', 'Conversion_Efficiency', 'Power_Per_Irradiance', 'Temp_Difference', 'Thermal_Stress', 'Temperature_Efficiency_Loss', 'Power_Density', 'Voltage_Current_Product', 'AC_Power_Rolling_Mean_1h', 'AC_Power_Rolling_Std_1h', 'DC_Power_Rolling_Mean_1h', 'DC_Power_Rolling_Std_1h', 'Irradiance_Rolling_Mean_1h', 'Irradiance_Rolling_Std_1h', 'Module_Temperature_Rolling_Mean_1h', 'Module_Temperature_Rolling_Std_1h', 'Is_Daytime', 'Is_Peak_Hour']
2026-01-31 01:57:47,735 - INFO - [AI] D√©marrage de l'entra√Ænement des mod√®les IA...
2026-01-31 01:57:47,736 - INFO - üéØ Variable cible : AC_Power
2026-01-31 01:57:47,753 - INFO - [DATA] Features utilis√©es : 34
2026-01-31 01:57:47,753 - INFO - üìà Taille du dataset : 14400 √©chantillons
2026-01-31 01:57:47,764 - INFO - ‚úÇÔ∏è Train: 11520, Test: 2880
2026-01-31 01:57:47,789 - INFO - üå≤ Entra√Ænement Random Forest...
2026-01-31 01:58:14,640 - INFO - [OK] Random Forest - MAE: 6.86, R¬≤: 0.9998
2026-01-31 01:58:14,641 - INFO - üöÄ Entra√Ænement Gradient Boosting...
2026-01-31 01:59:00,135 - INFO - [OK] Gradient Boosting - MAE: 7.02, R¬≤: 0.9999
2026-01-31 01:59:00,136 - INFO - üé≠ Cr√©ation du mod√®le Ensemble...
2026-01-31 01:59:00,141 - INFO - [OK] Ensemble - MAE: 6.02, R¬≤: 0.9999
2026-01-31 01:59:00,142 - INFO - üèÜ Meilleur mod√®le : GradientBoosting (R¬≤ = 0.9999)
2026-01-31 01:59:00,187 - INFO - 
[DATA] Top 10 Features importantes :
2026-01-31 01:59:00,193 - INFO -                 Feature  Importance
Voltage_Current_Product    0.501924
               DC_Power    0.478330
             DC_Current    0.007722
            DC_AC_Ratio    0.005208
          Power_Density    0.003172
  Conversion_Efficiency    0.003051
   Power_Per_Irradiance    0.000511
        Temp_Difference    0.000008
             Irradiance    0.000008
AC_Power_Rolling_Std_1h    0.000008
2026-01-31 01:59:00,193 - INFO - üíæ Sauvegarde des mod√®les...
2026-01-31 01:59:00,244 - INFO - [OK] Mod√®le principal sauvegard√© : C:\Users\pc\Desktop\Solar_AI_Platform\models\solar_predict_model.pkl
2026-01-31 01:59:00,298 - INFO - [OK] Tous les mod√®les sauvegard√©s : C:\Users\pc\Desktop\Solar_AI_Platform\models\all_models.pkl
2026-01-31 01:59:01,334 - INFO - üîç D√©marrage de la d√©tection des anomalies...
2026-01-31 01:59:02,455 - INFO - [OK] D√©tection termin√©e : 720 anomalies d√©tect√©es (5.00%)
2026-01-31 01:59:02,458 - INFO - 
[DATA] R√©partition par gravit√© :
Severity
Normal     13680
√âlev√©e       491
Moyenne      229
Name: count, dtype: int64
2026-01-31 01:59:02,458 - INFO - ‚ö° Pertes √©nerg√©tiques estim√©es : 88776.01 kWh
2026-01-31 01:59:02,507 - INFO - üíæ Rapport d'anomalies sauvegard√© : C:\Users\pc\Desktop\Solar_AI_Platform\outputs\anomalies_report.csv
2026-01-31 01:59:03,531 - INFO - üö® G√©n√©ration des alertes (gravit√© >= Moyenne)...
2026-01-31 01:59:03,564 - INFO - [OK] 720 alertes g√©n√©r√©es
2026-01-31 01:59:03,565 - INFO - 
üö® Alertes prioritaires (Top 5) :
2026-01-31 01:59:03,571 - INFO -                  Timestamp Inverter_ID Severity               Anomaly_Type                                                      Recommendation
2026-01-01 08:12:44.981647     INV_001   √âlev√©e D√©faut de conversion DC/AC URGENT - V√©rifier l'onduleur INV_001 - Efficacit√© critique (51.29%)
2026-01-01 22:12:44.981647     INV_004   √âlev√©e D√©faut de conversion DC/AC URGENT - V√©rifier l'onduleur INV_004 - Efficacit√© critique (60.73%)
2026-01-01 22:42:44.981647     INV_004   √âlev√©e D√©faut de conversion DC/AC URGENT - V√©rifier l'onduleur INV_004 - Efficacit√© critique (57.47%)
2026-01-01 22:57:44.981647     INV_004   √âlev√©e D√©faut de conversion DC/AC URGENT - V√©rifier l'onduleur INV_004 - Efficacit√© critique (56.58%)
2026-01-02 18:12:44.981647     INV_004   √âlev√©e D√©faut de conversion DC/AC  URGENT - V√©rifier l'onduleur INV_004 - Efficacit√© critique (0.00%)
2026-01-31 01:59:03,620 - INFO - üíæ Alertes sauvegard√©es : C:\Users\pc\Desktop\Solar_AI_Platform\outputs\alerts_active.csv
2026-01-31 01:59:04,643 - INFO - [DATA] Calcul des KPI industriels...
2026-01-31 01:59:04,661 - INFO - 
üìà KPI Principaux :
2026-01-31 01:59:04,662 - INFO -   Production totale : 5572.46 MWh
2026-01-31 01:59:04,662 - INFO -   Facteur de capacit√© : 23.7%
2026-01-31 01:59:04,663 - INFO -   Rendement moyen : 68.1%
2026-01-31 01:59:04,664 - INFO -   Disponibilit√© : 95.0%
2026-01-31 01:59:04,665 - INFO -   Pertes √©nerg√©tiques : 0.00 kWh
2026-01-31 01:59:04,665 - INFO -   Meilleur onduleur : INV_001
2026-01-31 01:59:04,669 - INFO - üíæ Rapport KPI sauvegard√© : C:\Users\pc\Desktop\Solar_AI_Platform\outputs\kpi_report.csv
2026-01-31 01:59:05,693 - INFO - üìÑ G√©n√©ration du rapport complet...
2026-01-31 01:59:05,697 - INFO - [OK] Rapport g√©n√©r√© : C:\Users\pc\Desktop\Solar_AI_Platform\outputs\solar_ai_report_20260131_015905.txt
2026-01-31 12:30:20,776 - INFO - [OK] Solar AI Platform initialis√©e avec succ√®s
2026-01-31 12:30:20,813 - INFO - üìÅ Dossier de travail : C:\Users\pc\Desktop\Solar_AI_Platform
2026-01-31 12:30:20,821 - INFO - [BUILD] G√©n√©ration de donn√©es simul√©es : 5 onduleurs, 30 jours
2026-01-31 12:30:21,574 - INFO - [OK] Donn√©es simul√©es g√©n√©r√©es : 14400 lignes
2026-01-31 12:30:21,574 - INFO - üíæ Sauvegard√© dans : C:\Users\pc\Desktop\Solar_AI_Platform\data\merged_cleaned_data.csv
2026-01-31 12:30:21,582 - INFO - [BUILD] D√©marrage de l'ing√©nierie des caract√©ristiques...
2026-01-31 12:30:21,597 - INFO - ‚è∞ Cr√©ation des features temporelles...
2026-01-31 12:30:21,615 - INFO - üîÑ Cr√©ation des features cycliques...
2026-01-31 12:30:21,620 - INFO - ‚ö° Calcul des ratios de performance...
2026-01-31 12:30:21,624 - INFO - üå°Ô∏è Calcul des indicateurs thermiques...
2026-01-31 12:30:21,627 - INFO - [DATA] Calcul des indicateurs de rendement...
2026-01-31 12:30:21,629 - INFO - üìà Cr√©ation des features dynamiques...
2026-01-31 12:30:21,687 - INFO - [OK] Feature Engineering termin√© : 37 features cr√©√©es
2026-01-31 12:30:21,687 - INFO - üìã Nouvelles features : ['Hour', 'Day', 'Month', 'DayOfWeek', 'Quarter', 'Season', 'Hour_Sin', 'Hour_Cos', 'Month_Sin', 'Month_Cos', 'DC_AC_Ratio', 'Conversion_Efficiency', 'Power_Per_Irradiance', 'Temp_Difference', 'Thermal_Stress', 'Temperature_Efficiency_Loss', 'Power_Density', 'Voltage_Current_Product', 'AC_Power_Rolling_Mean_1h', 'AC_Power_Rolling_Std_1h', 'DC_Power_Rolling_Mean_1h', 'DC_Power_Rolling_Std_1h', 'Irradiance_Rolling_Mean_1h', 'Irradiance_Rolling_Std_1h', 'Module_Temperature_Rolling_Mean_1h', 'Module_Temperature_Rolling_Std_1h', 'Is_Daytime', 'Is_Peak_Hour']
2026-01-31 12:30:21,692 - INFO - [AI] D√©marrage de l'entra√Ænement des mod√®les IA...
2026-01-31 12:30:21,693 - INFO - üéØ Variable cible : AC_Power
2026-01-31 12:30:21,708 - INFO - [DATA] Features utilis√©es : 34
2026-01-31 12:30:21,709 - INFO - üìà Taille du dataset : 14400 √©chantillons
2026-01-31 12:30:21,717 - INFO - ‚úÇÔ∏è Train: 11520, Test: 2880
2026-01-31 12:30:21,737 - INFO - üå≤ Entra√Ænement Random Forest...
2026-01-31 12:30:44,524 - INFO - [OK] Random Forest - MAE: 6.43, R¬≤: 0.9999
2026-01-31 12:30:44,525 - INFO - üöÄ Entra√Ænement Gradient Boosting...
2026-01-31 12:31:25,762 - INFO - [OK] Gradient Boosting - MAE: 7.21, R¬≤: 0.9999
2026-01-31 12:31:25,763 - INFO - üé≠ Cr√©ation du mod√®le Ensemble...
2026-01-31 12:31:25,767 - INFO - [OK] Ensemble - MAE: 5.95, R¬≤: 0.9999
2026-01-31 12:31:25,767 - INFO - üèÜ Meilleur mod√®le : GradientBoosting (R¬≤ = 0.9999)
2026-01-31 12:31:25,812 - INFO - 
[DATA] Top 10 Features importantes :
2026-01-31 12:31:25,817 - INFO -                  Feature  Importance
 Voltage_Current_Product    0.356629
                DC_Power    0.343981
              DC_Current    0.287494
             DC_AC_Ratio    0.005344
           Power_Density    0.003115
   Conversion_Efficiency    0.002906
    Power_Per_Irradiance    0.000419
AC_Power_Rolling_Mean_1h    0.000015
              Irradiance    0.000013
         Temp_Difference    0.000009
2026-01-31 12:31:25,817 - INFO - üíæ Sauvegarde des mod√®les...
2026-01-31 12:31:25,864 - INFO - [OK] Mod√®le principal sauvegard√© : C:\Users\pc\Desktop\Solar_AI_Platform\models\solar_predict_model.pkl
2026-01-31 12:31:25,917 - INFO - [OK] Tous les mod√®les sauvegard√©s : C:\Users\pc\Desktop\Solar_AI_Platform\models\all_models.pkl
2026-01-31 12:31:25,923 - INFO - üîç D√©marrage de la d√©tection des anomalies...
2026-01-31 12:31:27,019 - INFO - [OK] D√©tection termin√©e : 719 anomalies d√©tect√©es (4.99%)
2026-01-31 12:31:27,022 - INFO - 
[DATA] R√©partition par gravit√© :
Severity
Normal     13681
√âlev√©e       488
Moyenne      231
Name: count, dtype: int64
2026-01-31 12:31:27,022 - INFO - ‚ö° Pertes √©nerg√©tiques estim√©es : 96837.69 kWh
2026-01-31 12:31:27,071 - INFO - üíæ Rapport d'anomalies sauvegard√© : C:\Users\pc\Desktop\Solar_AI_Platform\outputs\anomalies_report.csv
2026-01-31 12:31:27,076 - INFO - üö® G√©n√©ration des alertes (gravit√© >= Moyenne)...
2026-01-31 12:31:27,112 - INFO - [OK] 719 alertes g√©n√©r√©es
2026-01-31 12:31:27,112 - INFO - 
üö® Alertes prioritaires (Top 5) :
2026-01-31 12:31:27,118 - INFO -                  Timestamp Inverter_ID Severity               Anomaly_Type                                                      Recommendation
2026-01-08 08:00:20.823654     INV_003   √âlev√©e D√©faut de conversion DC/AC URGENT - V√©rifier l'onduleur INV_003 - Efficacit√© critique (69.75%)
2026-01-06 19:15:20.823654     INV_003   √âlev√©e D√©faut de conversion DC/AC  URGENT - V√©rifier l'onduleur INV_003 - Efficacit√© critique (0.00%)
2026-01-28 16:30:20.823654     INV_004   √âlev√©e D√©faut de conversion DC/AC URGENT - V√©rifier l'onduleur INV_004 - Efficacit√© critique (47.21%)
2026-01-06 15:30:20.823654     INV_003   √âlev√©e D√©faut de conversion DC/AC URGENT - V√©rifier l'onduleur INV_003 - Efficacit√© critique (48.86%)
2026-01-06 14:45:20.823654     INV_003   √âlev√©e D√©faut de conversion DC/AC URGENT - V√©rifier l'onduleur INV_003 - Efficacit√© critique (53.83%)
2026-01-31 12:31:27,173 - INFO - üíæ Alertes sauvegard√©es : C:\Users\pc\Desktop\Solar_AI_Platform\outputs\alerts_active.csv
2026-01-31 12:31:27,178 - INFO - [DATA] Calcul des KPI industriels...
2026-01-31 12:31:27,191 - INFO - 
üìà KPI Principaux :
2026-01-31 12:31:27,192 - INFO -   Production totale : 5695.94 MWh
2026-01-31 12:31:27,193 - INFO -   Facteur de capacit√© : 23.7%
2026-01-31 12:31:27,194 - INFO -   Rendement moyen : 68.5%
2026-01-31 12:31:27,197 - INFO -   Disponibilit√© : 95.0%
2026-01-31 12:31:27,198 - INFO -   Pertes √©nerg√©tiques : 0.00 kWh
2026-01-31 12:31:27,198 - INFO -   Meilleur onduleur : INV_002
2026-01-31 12:31:27,201 - INFO - üíæ Rapport KPI sauvegard√© : C:\Users\pc\Desktop\Solar_AI_Platform\outputs\kpi_report.csv
2026-01-31 12:31:27,203 - INFO - üìÑ G√©n√©ration du rapport complet...
2026-01-31 12:31:27,207 - INFO - [OK] Rapport g√©n√©r√© : C:\Users\pc\Desktop\Solar_AI_Platform\outputs\solar_ai_report_20260131_123127.txt
